{
  "RSpec": {
    "coverage": {
      "/home/max/github/petcare/app/models/pet.rb": {
        "lines": [
          1,
          1,
          1,
          null
        ]
      },
      "/home/max/github/petcare/app/models/application_record.rb": {
        "lines": [
          1,
          1,
          null
        ]
      },
      "/home/max/github/petcare/spec/requests/pets_spec.rb": {
        "lines": [
          null,
          null,
          1,
          null,
          1,
          1,
          3,
          3,
          null,
          1,
          2,
          null,
          null,
          1,
          1,
          null,
          null,
          1,
          1,
          null,
          null,
          null,
          1,
          3,
          3,
          null,
          1,
          2,
          null,
          null,
          1,
          1,
          null,
          null,
          1,
          1,
          null,
          null,
          null,
          1,
          1,
          null,
          1,
          null,
          null,
          null,
          null,
          null,
          null,
          null,
          null,
          null,
          3,
          1,
          1,
          1,
          1,
          null,
          null,
          null,
          1,
          1,
          null,
          1,
          null,
          null,
          null,
          null,
          null,
          null,
          null,
          null,
          1,
          1,
          1,
          null,
          null,
          null,
          null,
          1,
          4,
          1,
          null,
          2,
          null,
          null,
          null,
          null,
          null,
          1,
          null,
          1,
          null,
          null,
          null,
          null,
          4,
          null,
          1,
          1,
          1,
          1,
          null,
          null,
          1,
          1,
          1,
          1,
          2,
          null,
          null,
          null,
          1,
          1,
          1,
          1,
          null,
          null,
          null,
          null,
          1,
          2,
          null,
          2,
          null,
          1,
          1,
          1,
          null,
          null,
          null
        ]
      },
      "/home/max/github/petcare/app/controllers/pets_controller.rb": {
        "lines": [
          1,
          1,
          null,
          null,
          null,
          1,
          2,
          null,
          null,
          null,
          null,
          1,
          null,
          null,
          null,
          1,
          0,
          null,
          null,
          null,
          1,
          null,
          null,
          null,
          null,
          1,
          null,
          2,
          null,
          2,
          2,
          1,
          2,
          null,
          1,
          2,
          null,
          null,
          null,
          null,
          null,
          null,
          1,
          3,
          3,
          2,
          4,
          null,
          1,
          2,
          null,
          null,
          null,
          null,
          null,
          null,
          1,
          1,
          1,
          1,
          2,
          null,
          null,
          null,
          1,
          null,
          1,
          6,
          null,
          null,
          null,
          1,
          5,
          null,
          null
        ]
      },
      "/home/max/github/petcare/app/controllers/application_controller.rb": {
        "lines": [
          1,
          null
        ]
      }
    },
    "timestamp": 1605331800
  }
}
